# JRE version: Java(TM) SE Runtime Environment (13.0.1+9) (build 13.0.1+9)
# Java VM: Java HotSpot(TM) 64-Bit Server VM (13.0.1+9, mixed mode, sharing, tiered, compressed oops, g1 gc, windows-amd64)
Heap:
 garbage-first heap   total 55296K, used 28082K [0x0000000081c00000, 0x0000000100000000)
  region size 1024K, 12 young (12288K), 3 survivors (3072K)
 Metaspace       used 26673K, capacity 27562K, committed 27824K, reserved 1073152K
  class space    used 3136K, capacity 3509K, committed 3584K, reserved 1048576K
GC Heap History (12 events):
Event: 1.065 GC heap before
{Heap before GC invocations=0 (full 0):
 garbage-first heap   total 131072K, used 15360K [0x0000000081c00000, 0x0000000100000000)
  region size 1024K, 14 young (14336K), 0 survivors (0K)
 Metaspace       used 5274K, capacity 6258K, committed 6272K, reserved 1056768K
  class space    used 574K, capacity 640K, committed 640K, reserved 1048576K
}
Event: 1.069 GC heap after
{Heap after GC invocations=1 (full 0):
 garbage-first heap   total 131072K, used 6935K [0x0000000081c00000, 0x0000000100000000)
  region size 1024K, 2 young (2048K), 2 survivors (2048K)
 Metaspace       used 5274K, capacity 6258K, committed 6272K, reserved 1056768K
  class space    used 574K, capacity 640K, committed 640K, reserved 1048576K
}
Event: 1.239 GC heap before
{Heap before GC invocations=1 (full 0):
 garbage-first heap   total 131072K, used 15127K [0x0000000081c00000, 0x0000000100000000)
  region size 1024K, 10 young (10240K), 2 survivors (2048K)
 Metaspace       used 6848K, capacity 7523K, committed 7808K, reserved 1056768K
  class space    used 750K, capacity 807K, committed 896K, reserved 1048576K
}
Event: 1.243 GC heap after
{Heap after GC invocations=2 (full 0):
 garbage-first heap   total 131072K, used 7751K [0x0000000081c00000, 0x0000000100000000)
  region size 1024K, 2 young (2048K), 2 survivors (2048K)
 Metaspace       used 6848K, capacity 7523K, committed 7808K, reserved 1056768K
  class space    used 750K, capacity 807K, committed 896K, reserved 1048576K
}
Event: 1.782 GC heap before
{Heap before GC invocations=2 (full 0):
 garbage-first heap   total 131072K, used 36423K [0x0000000081c00000, 0x0000000100000000)
  region size 1024K, 28 young (28672K), 2 survivors (2048K)
 Metaspace       used 13133K, capacity 13391K, committed 13568K, reserved 1060864K
  class space    used 1333K, capacity 1418K, committed 1536K, reserved 1048576K
}
Event: 1.789 GC heap after
{Heap after GC invocations=3 (full 0):
 garbage-first heap   total 131072K, used 11370K [0x0000000081c00000, 0x0000000100000000)
  region size 1024K, 4 young (4096K), 4 survivors (4096K)
 Metaspace       used 13133K, capacity 13391K, committed 13568K, reserved 1060864K
  class space    used 1333K, capacity 1418K, committed 1536K, reserved 1048576K
}
Event: 3.980 GC heap before
{Heap before GC invocations=3 (full 0):
 garbage-first heap   total 131072K, used 37994K [0x0000000081c00000, 0x0000000100000000)
  region size 1024K, 31 young (31744K), 4 survivors (4096K)
 Metaspace       used 20898K, capacity 21190K, committed 21296K, reserved 1069056K
  class space    used 2301K, capacity 2414K, committed 2432K, reserved 1048576K
}
Event: 4.002 GC heap after
{Heap after GC invocations=4 (full 0):
 garbage-first heap   total 131072K, used 14333K [0x0000000081c00000, 0x0000000100000000)
  region size 1024K, 7 young (7168K), 7 survivors (7168K)
 Metaspace       used 20898K, capacity 21190K, committed 21296K, reserved 1069056K
  class space    used 2301K, capacity 2414K, committed 2432K, reserved 1048576K
}
Event: 20.638 GC heap before
{Heap before GC invocations=5 (full 0):
 garbage-first heap   total 55296K, used 39933K [0x0000000081c00000, 0x0000000100000000)
  region size 1024K, 32 young (32768K), 7 survivors (7168K)
 Metaspace       used 24858K, capacity 25367K, committed 25520K, reserved 1071104K
  class space    used 2795K, capacity 3008K, committed 3072K, reserved 1048576K
}
Event: 20.651 GC heap after
{Heap after GC invocations=6 (full 0):
 garbage-first heap   total 55296K, used 17225K [0x0000000081c00000, 0x0000000100000000)
  region size 1024K, 4 young (4096K), 4 survivors (4096K)
 Metaspace       used 24858K, capacity 25367K, committed 25520K, reserved 1071104K
  class space    used 2795K, capacity 3008K, committed 3072K, reserved 1048576K
}
Event: 20.960 GC heap before
{Heap before GC invocations=6 (full 0):
 garbage-first heap   total 55296K, used 34633K [0x0000000081c00000, 0x0000000100000000)
  region size 1024K, 21 young (21504K), 4 survivors (4096K)
 Metaspace       used 26060K, capacity 26886K, committed 27184K, reserved 1073152K
  class space    used 3011K, capacity 3333K, committed 3456K, reserved 1048576K
}
Event: 20.969 GC heap after
{Heap after GC invocations=7 (full 0):
 garbage-first heap   total 55296K, used 19890K [0x0000000081c00000, 0x0000000100000000)
  region size 1024K, 3 young (3072K), 3 survivors (3072K)
 Metaspace       used 26060K, capacity 26886K, committed 27184K, reserved 1073152K
  class space    used 3011K, capacity 3333K, committed 3456K, reserved 1048576K
}

